INFO 2026-05-11 00:57:30,721 autoreload 15604 8472 Watching for file changes with StatReloader
INFO 2026-05-11 01:02:24,623 log 15604 8716 "OPTIONS /api/placements/dashboard/ HTTP/1.1" 200 0
INFO 2026-05-11 01:02:24,623 log 15604 15408 "OPTIONS /api/logbook/dashboard/ HTTP/1.1" 200 0
INFO 2026-05-11 01:02:24,627 log 15604 3780 "OPTIONS /api/logbook/dashboard/ HTTP/1.1" 200 0
INFO 2026-05-11 01:02:24,628 log 15604 4916 "OPTIONS /api/evaluations/score/3/ HTTP/1.1" 200 0
INFO 2026-05-11 01:02:24,628 log 15604 15476 "OPTIONS /api/evaluations/score/3/ HTTP/1.1" 200 0
INFO 2026-05-11 01:02:24,632 log 15604 7332 "OPTIONS /api/placements/dashboard/ HTTP/1.1" 200 0
WARNING 2026-05-11 01:02:25,113 log 15604 8716 Unauthorized: /api/placements/dashboard/
WARNING 2026-05-11 01:02:25,118 log 15604 15476 Unauthorized: /api/evaluations/score/3/
WARNING 2026-05-11 01:02:25,119 log 15604 8716 "GET /api/placements/dashboard/ HTTP/1.1" 401 84
WARNING 2026-05-11 01:02:25,119 log 15604 15476 "GET /api/evaluations/score/3/ HTTP/1.1" 401 84
WARNING 2026-05-11 01:02:25,131 log 15604 15476 Unauthorized: /api/placements/dashboard/
INFO 2026-05-11 01:02:25,131 log 15604 4916 "OPTIONS /api/token/refresh/ HTTP/1.1" 200 0
INFO 2026-05-11 01:02:25,132 log 15604 3780 "OPTIONS /api/token/refresh/ HTTP/1.1" 200 0
WARNING 2026-05-11 01:02:25,137 log 15604 8716 Unauthorized: /api/evaluations/score/3/
WARNING 2026-05-11 01:02:25,136 log 15604 15476 "GET /api/placements/dashboard/ HTTP/1.1" 401 84
WARNING 2026-05-11 01:02:25,143 log 15604 8716 "GET /api/evaluations/score/3/ HTTP/1.1" 401 84
WARNING 2026-05-11 01:02:25,149 log 15604 4916 Bad Request: /api/token/refresh/
WARNING 2026-05-11 01:02:25,150 log 15604 4916 "POST /api/token/refresh/ HTTP/1.1" 400 160
WARNING 2026-05-11 01:02:25,153 log 15604 3780 Bad Request: /api/token/refresh/
WARNING 2026-05-11 01:02:25,155 log 15604 3780 "POST /api/token/refresh/ HTTP/1.1" 400 160
WARNING 2026-05-11 01:02:25,157 log 15604 15476 Bad Request: /api/token/refresh/
WARNING 2026-05-11 01:02:25,161 log 15604 8716 Bad Request: /api/token/refresh/
WARNING 2026-05-11 01:02:25,169 log 15604 15476 "POST /api/token/refresh/ HTTP/1.1" 400 160
WARNING 2026-05-11 01:02:25,169 log 15604 8716 "POST /api/token/refresh/ HTTP/1.1" 400 160
WARNING 2026-05-11 01:02:25,804 log 15604 15408 Not Found: /api/logbook/dashboard/
INFO 2026-05-11 01:02:25,806 basehttp 15604 15408 - Broken pipe from ('127.0.0.1', 62066)
WARNING 2026-05-11 01:02:48,747 log 15604 5512 Not Found: /
WARNING 2026-05-11 01:02:48,748 log 15604 5512 "GET / HTTP/1.1" 404 5190
WARNING 2026-05-11 01:02:49,148 log 15604 5512 Not Found: /favicon.ico
WARNING 2026-05-11 01:02:49,149 log 15604 5512 "GET /favicon.ico HTTP/1.1" 404 5241
WARNING 2026-05-11 01:03:14,519 log 15604 13944 Not Found: /
WARNING 2026-05-11 01:03:14,521 log 15604 13944 "GET / HTTP/1.1" 404 5190
WARNING 2026-05-11 01:03:15,714 log 15604 13944 Not Found: /
WARNING 2026-05-11 01:03:15,715 log 15604 13944 "GET / HTTP/1.1" 404 5190
WARNING 2026-05-11 01:03:16,581 log 15604 13944 Not Found: /
WARNING 2026-05-11 01:03:16,582 log 15604 13944 "GET / HTTP/1.1" 404 5190
WARNING 2026-05-11 01:03:58,346 log 15604 13944 Not Found: /
WARNING 2026-05-11 01:03:58,348 log 15604 13944 "GET / HTTP/1.1" 404 5190
WARNING 2026-05-11 01:04:44,850 log 15604 13944 Not Found: /
WARNING 2026-05-11 01:04:44,852 log 15604 13944 "GET / HTTP/1.1" 404 5190
INFO 2026-05-11 01:05:49,276 autoreload 15604 8472 C:\Users\Akello\internship_logging_evaluation_system\BACKEND\iles_project\urls.py changed, reloading.
INFO 2026-05-11 01:05:50,564 autoreload 16056 14344 Watching for file changes with StatReloader
INFO 2026-05-11 01:05:54,727 autoreload 16056 14344 C:\Users\Akello\internship_logging_evaluation_system\BACKEND\iles_project\urls.py changed, reloading.
INFO 2026-05-11 01:05:55,840 autoreload 6628 12888 Watching for file changes with StatReloader
INFO 2026-05-11 01:06:45,018 autoreload 4916 456 Watching for file changes with StatReloader
INFO 2026-05-11 01:07:34,038 log 6628 376 "GET / HTTP/1.1" 200 545
INFO 2026-05-11 01:08:54,670 autoreload 6628 12888 C:\Users\Akello\internship_logging_evaluation_system\BACKEND\iles_project\urls.py changed, reloading.
INFO 2026-05-11 01:08:54,700 autoreload 4916 456 C:\Users\Akello\internship_logging_evaluation_system\BACKEND\iles_project\urls.py changed, reloading.
INFO 2026-05-11 01:08:56,475 autoreload 5232 6340 Watching for file changes with StatReloader
INFO 2026-05-11 01:08:56,479 autoreload 12932 6364 Watching for file changes with StatReloader
INFO 2026-05-11 01:08:59,835 autoreload 12932 6364 C:\Users\Akello\internship_logging_evaluation_system\BACKEND\iles_project\urls.py changed, reloading.
INFO 2026-05-11 01:08:59,866 autoreload 5232 6340 C:\Users\Akello\internship_logging_evaluation_system\BACKEND\iles_project\urls.py changed, reloading.
INFO 2026-05-11 01:09:01,092 autoreload 16200 11168 Watching for file changes with StatReloader
INFO 2026-05-11 01:09:01,146 autoreload 7348 8020 Watching for file changes with StatReloader
INFO 2026-05-11 01:09:17,997 log 16200 3144 "GET / HTTP/1.1" 200 951
INFO 2026-06-06 14:34:03,076 autoreload 10748 18000 Watching for file changes with StatReloader
INFO 2026-06-06 14:41:54,518 autoreload 11236 17884 Watching for file changes with StatReloader
INFO 2026-06-06 14:42:19,068 log 11236 14852 "OPTIONS /api/auth/register/ HTTP/1.1" 200 0
WARNING 2026-06-06 14:42:19,530 log 11236 14852 Bad Request: /api/auth/register/
WARNING 2026-06-06 14:42:19,531 log 11236 14852 "POST /api/auth/register/ HTTP/1.1" 400 192
INFO 2026-06-06 14:42:36,313 log 11236 14852 "OPTIONS /api/auth/login/ HTTP/1.1" 200 0
INFO 2026-06-06 14:42:38,588 log 11236 14852 "POST /api/auth/login/ HTTP/1.1" 200 665
INFO 2026-06-06 14:42:39,026 log 11236 14852 "OPTIONS /api/placements/dashboard/ HTTP/1.1" 200 0
INFO 2026-06-06 14:42:39,037 log 11236 12988 "OPTIONS /api/logbook/dashboard/ HTTP/1.1" 200 0
INFO 2026-06-06 14:42:39,038 log 11236 14852 "OPTIONS /api/logbook/dashboard/ HTTP/1.1" 200 0
ERROR 2026-06-06 14:42:39,234 log 11236 12988 Internal Server Error: /api/placements/dashboard/
ERROR 2026-06-06 14:42:39,235 log 11236 12988 "GET /api/placements/dashboard/ HTTP/1.1" 500 72
ERROR 2026-06-06 14:42:39,264 log 11236 12988 Internal Server Error: /api/placements/dashboard/
ERROR 2026-06-06 14:42:39,265 log 11236 12988 "GET /api/placements/dashboard/ HTTP/1.1" 500 72
WARNING 2026-06-06 14:42:39,695 log 11236 14852 Not Found: /api/logbook/dashboard/
WARNING 2026-06-06 14:42:39,712 log 11236 14852 "GET /api/logbook/dashboard/ HTTP/1.1" 404 5430
WARNING 2026-06-06 14:42:39,731 log 11236 12988 Not Found: /api/logbook/dashboard/
WARNING 2026-06-06 14:42:39,738 log 11236 12988 "GET /api/logbook/dashboard/ HTTP/1.1" 404 5430
INFO 2026-06-06 21:55:46,528 log 11236 12600 "OPTIONS /api/logbook/dashboard/ HTTP/1.1" 200 0
INFO 2026-06-06 21:55:46,554 log 11236 19352 "OPTIONS /api/placements/dashboard/ HTTP/1.1" 200 0
INFO 2026-06-06 21:55:46,563 log 11236 2616 "OPTIONS /api/placements/dashboard/ HTTP/1.1" 200 0
INFO 2026-06-06 21:55:46,563 log 11236 8304 "OPTIONS /api/logbook/dashboard/ HTTP/1.1" 200 0
WARNING 2026-06-06 21:55:47,283 log 11236 8304 Not Found: /api/logbook/dashboard/
WARNING 2026-06-06 21:55:47,286 log 11236 8304 "GET /api/logbook/dashboard/ HTTP/1.1" 404 5430
WARNING 2026-06-06 21:55:47,329 log 11236 2616 Not Found: /api/logbook/dashboard/
WARNING 2026-06-06 21:55:47,332 log 11236 2616 "GET /api/logbook/dashboard/ HTTP/1.1" 404 5430
WARNING 2026-06-06 21:55:48,006 log 11236 19352 Unauthorized: /api/placements/dashboard/
WARNING 2026-06-06 21:55:48,007 log 11236 19352 "GET /api/placements/dashboard/ HTTP/1.1" 401 84
WARNING 2026-06-06 21:55:48,022 log 11236 2616 Unauthorized: /api/placements/dashboard/
INFO 2026-06-06 21:55:48,023 log 11236 19352 "OPTIONS /api/token/refresh/ HTTP/1.1" 200 0
WARNING 2026-06-06 21:55:48,024 log 11236 2616 "GET /api/placements/dashboard/ HTTP/1.1" 401 84
INFO 2026-06-06 21:55:48,761 log 11236 2616 "POST /api/token/refresh/ HTTP/1.1" 200 244
INFO 2026-06-06 21:55:48,770 log 11236 19352 "POST /api/token/refresh/ HTTP/1.1" 200 244
ERROR 2026-06-06 21:55:49,140 log 11236 19352 Internal Server Error: /api/placements/dashboard/
ERROR 2026-06-06 21:55:49,141 log 11236 19352 "GET /api/placements/dashboard/ HTTP/1.1" 500 72
ERROR 2026-06-06 21:55:49,186 log 11236 19352 Internal Server Error: /api/placements/dashboard/
ERROR 2026-06-06 21:55:49,187 log 11236 19352 "GET /api/placements/dashboard/ HTTP/1.1" 500 72
INFO 2026-06-07 09:33:14,255 log 11236 15112 "OPTIONS /api/placements/dashboard/ HTTP/1.1" 200 0
INFO 2026-06-07 09:33:14,259 log 11236 15564 "OPTIONS /api/logbook/dashboard/ HTTP/1.1" 200 0
INFO 2026-06-07 09:33:14,262 log 11236 18420 "OPTIONS /api/placements/dashboard/ HTTP/1.1" 200 0
INFO 2026-06-07 09:33:14,265 log 11236 8708 "OPTIONS /api/logbook/dashboard/ HTTP/1.1" 200 0
WARNING 2026-06-07 09:33:14,728 log 11236 15564 Unauthorized: /api/placements/dashboard/
WARNING 2026-06-07 09:33:14,892 log 11236 15564 "GET /api/placements/dashboard/ HTTP/1.1" 401 84
INFO 2026-06-07 09:33:15,089 log 11236 18420 "OPTIONS /api/token/refresh/ HTTP/1.1" 200 0
WARNING 2026-06-07 09:33:15,091 log 11236 15564 Unauthorized: /api/placements/dashboard/
WARNING 2026-06-07 09:33:15,235 log 11236 8708 Not Found: /api/logbook/dashboard/
WARNING 2026-06-07 09:33:15,236 log 11236 15564 "GET /api/placements/dashboard/ HTTP/1.1" 401 84
WARNING 2026-06-07 09:33:15,236 log 11236 8708 "GET /api/logbook/dashboard/ HTTP/1.1" 404 5430
WARNING 2026-06-07 09:33:15,369 log 11236 15564 Not Found: /api/logbook/dashboard/
INFO 2026-06-07 09:33:15,369 log 11236 18420 "POST /api/token/refresh/ HTTP/1.1" 200 244
INFO 2026-06-07 09:33:15,372 log 11236 8708 "POST /api/token/refresh/ HTTP/1.1" 200 244
WARNING 2026-06-07 09:33:15,373 log 11236 15564 "GET /api/logbook/dashboard/ HTTP/1.1" 404 5430
ERROR 2026-06-07 09:33:15,453 log 11236 8708 Internal Server Error: /api/placements/dashboard/
ERROR 2026-06-07 09:33:15,476 log 11236 8708 "GET /api/placements/dashboard/ HTTP/1.1" 500 72
ERROR 2026-06-07 09:33:15,554 log 11236 8708 Internal Server Error: /api/placements/dashboard/
ERROR 2026-06-07 09:33:15,556 log 11236 8708 "GET /api/placements/dashboard/ HTTP/1.1" 500 72
INFO 2026-06-07 09:55:39,056 log 11236 3840 "OPTIONS /api/supervisor/reviews/ HTTP/1.1" 200 0
INFO 2026-06-07 09:55:39,161 log 11236 1864 "OPTIONS /api/logs/dashboard/ HTTP/1.1" 200 0
INFO 2026-06-07 09:55:39,161 log 11236 7872 "OPTIONS /api/supervisor/reviews/ HTTP/1.1" 200 0
INFO 2026-06-07 09:55:39,201 log 11236 11068 "OPTIONS /api/logs/dashboard/ HTTP/1.1" 200 0
INFO 2026-06-07 09:55:40,339 log 11236 3840 "GET /api/supervisor/reviews/ HTTP/1.1" 200 34
INFO 2026-06-07 09:55:40,444 log 11236 3840 "GET /api/supervisor/reviews/ HTTP/1.1" 200 34
ERROR 2026-06-07 09:55:43,997 log 11236 1864 Internal Server Error: /api/logs/dashboard/
ERROR 2026-06-07 09:55:43,999 log 11236 1864 "GET /api/logs/dashboard/ HTTP/1.1" 500 72
ERROR 2026-06-07 09:55:44,112 log 11236 1864 Internal Server Error: /api/logs/dashboard/
ERROR 2026-06-07 09:55:44,121 log 11236 1864 "GET /api/logs/dashboard/ HTTP/1.1" 500 72
INFO 2026-06-07 09:56:33,536 log 11236 5484 "GET /api/supervisor/reviews/ HTTP/1.1" 200 34
INFO 2026-06-07 09:56:33,623 log 11236 5484 "GET /api/supervisor/reviews/ HTTP/1.1" 200 34
INFO 2026-06-07 09:56:38,013 log 11236 5484 "GET /api/supervisor/reviews/ HTTP/1.1" 200 34
ERROR 2026-06-07 09:56:38,103 log 11236 4480 Internal Server Error: /api/logs/dashboard/
ERROR 2026-06-07 09:56:38,116 log 11236 4480 "GET /api/logs/dashboard/ HTTP/1.1" 500 72
INFO 2026-06-07 09:56:38,126 log 11236 5484 "GET /api/supervisor/reviews/ HTTP/1.1" 200 34
ERROR 2026-06-07 09:56:38,173 log 11236 4480 Internal Server Error: /api/logs/dashboard/
ERROR 2026-06-07 09:56:38,174 log 11236 4480 "GET /api/logs/dashboard/ HTTP/1.1" 500 72
INFO 2026-06-07 10:05:08,112 autoreload 11236 17884 C:\Users\Kaladi\Documents\GitHub\internship_logging_evaluation_system\BACKEND\logbook\views.py changed, reloading.
INFO 2026-06-07 10:05:34,772 autoreload 12684 9308 Watching for file changes with StatReloader
WARNING 2026-06-07 10:05:47,209 log 12684 10564 Unauthorized: /api/supervisor/reviews/
WARNING 2026-06-07 10:05:47,209 log 12684 2604 Unauthorized: /api/logs/dashboard/
WARNING 2026-06-07 10:05:47,211 log 12684 10564 "GET /api/supervisor/reviews/ HTTP/1.1" 401 84
WARNING 2026-06-07 10:05:47,211 log 12684 2604 "GET /api/logs/dashboard/ HTTP/1.1" 401 84
WARNING 2026-06-07 10:05:47,245 log 12684 2604 Unauthorized: /api/logs/dashboard/
WARNING 2026-06-07 10:05:47,259 log 12684 2604 "GET /api/logs/dashboard/ HTTP/1.1" 401 84
WARNING 2026-06-07 10:05:47,267 log 12684 10564 Unauthorized: /api/supervisor/reviews/
WARNING 2026-06-07 10:05:47,288 log 12684 10564 "GET /api/supervisor/reviews/ HTTP/1.1" 401 84
INFO 2026-06-07 10:05:47,370 log 12684 2604 "POST /api/token/refresh/ HTTP/1.1" 200 244
INFO 2026-06-07 10:05:47,376 log 12684 10564 "POST /api/token/refresh/ HTTP/1.1" 200 244
INFO 2026-06-07 10:05:47,379 log 12684 18692 "POST /api/token/refresh/ HTTP/1.1" 200 244
INFO 2026-06-07 10:05:47,428 log 12684 2604 "POST /api/token/refresh/ HTTP/1.1" 200 244
INFO 2026-06-07 10:05:47,451 log 12684 18692 "GET /api/supervisor/reviews/ HTTP/1.1" 200 34
INFO 2026-06-07 10:05:47,477 log 12684 18692 "GET /api/supervisor/reviews/ HTTP/1.1" 200 34
ERROR 2026-06-07 10:05:47,824 log 12684 10564 Internal Server Error: /api/logs/dashboard/
ERROR 2026-06-07 10:05:47,825 log 12684 10564 "GET /api/logs/dashboard/ HTTP/1.1" 500 72
ERROR 2026-06-07 10:05:47,885 log 12684 10564 Internal Server Error: /api/logs/dashboard/
ERROR 2026-06-07 10:05:47,887 log 12684 10564 "GET /api/logs/dashboard/ HTTP/1.1" 500 72
INFO 2026-06-07 10:43:04,409 autoreload 18800 9372 Watching for file changes with StatReloader
INFO 2026-06-07 10:43:22,069 log 18800 4796 "OPTIONS /api/auth/login/ HTTP/1.1" 200 0
INFO 2026-06-07 10:43:24,395 log 18800 4796 "POST /api/auth/login/ HTTP/1.1" 200 640
INFO 2026-06-07 10:43:24,713 log 18800 4796 "OPTIONS /api/evaluations/score/1/ HTTP/1.1" 200 0
INFO 2026-06-07 10:43:24,783 log 18800 4796 "GET /api/placements/dashboard/ HTTP/1.1" 200 118
WARNING 2026-06-07 10:43:24,880 log 18800 4796 Not Found: /api/logbook/dashboard/
WARNING 2026-06-07 10:43:24,881 log 18800 4796 "GET /api/logbook/dashboard/ HTTP/1.1" 404 5430
INFO 2026-06-07 10:43:24,919 log 18800 4796 "GET /api/placements/dashboard/ HTTP/1.1" 200 118
WARNING 2026-06-07 10:43:24,950 log 18800 4796 Not Found: /api/logbook/dashboard/
WARNING 2026-06-07 10:43:24,965 log 18800 4796 "GET /api/logbook/dashboard/ HTTP/1.1" 404 5430
ERROR 2026-06-07 10:43:24,977 log 18800 3600 Internal Server Error: /api/evaluations/score/1/
ERROR 2026-06-07 10:43:24,981 log 18800 3600 "GET /api/evaluations/score/1/ HTTP/1.1" 500 72
ERROR 2026-06-07 10:43:25,006 log 18800 3600 Internal Server Error: /api/evaluations/score/1/
ERROR 2026-06-07 10:43:25,007 log 18800 3600 "GET /api/evaluations/score/1/ HTTP/1.1" 500 72
INFO 2026-06-07 10:43:29,372 log 18800 4796 "OPTIONS /api/placements/ HTTP/1.1" 200 0
INFO 2026-06-07 10:43:29,373 log 18800 3600 "OPTIONS /api/placements/ HTTP/1.1" 200 0
INFO 2026-06-07 10:43:29,387 log 18800 4796 "GET /api/placements/ HTTP/1.1" 200 24
INFO 2026-06-07 10:43:29,398 log 18800 4796 "GET /api/placements/ HTTP/1.1" 200 24
INFO 2026-06-07 10:43:29,413 log 18800 4796 "OPTIONS /api/logs/ HTTP/1.1" 200 0
INFO 2026-06-07 10:43:29,439 log 18800 4796 "GET /api/logs/ HTTP/1.1" 200 24
INFO 2026-06-07 10:43:29,467 log 18800 4796 "GET /api/logs/ HTTP/1.1" 200 24
WARNING 2026-06-07 10:43:36,096 log 18800 3600 Not Found: /api/logbook/dashboard/
WARNING 2026-06-07 10:43:36,101 log 18800 3600 "GET /api/logbook/dashboard/ HTTP/1.1" 404 5430
INFO 2026-06-07 10:43:36,104 log 18800 4796 "GET /api/placements/dashboard/ HTTP/1.1" 200 118
WARNING 2026-06-07 10:43:36,127 log 18800 15320 Not Found: /api/logbook/dashboard/
ERROR 2026-06-07 10:43:36,130 log 18800 13004 Internal Server Error: /api/evaluations/score/1/
WARNING 2026-06-07 10:43:36,137 log 18800 15320 "GET /api/logbook/dashboard/ HTTP/1.1" 404 5430
ERROR 2026-06-07 10:43:36,142 log 18800 13004 "GET /api/evaluations/score/1/ HTTP/1.1" 500 72
INFO 2026-06-07 10:43:36,148 log 18800 4796 "GET /api/placements/dashboard/ HTTP/1.1" 200 118
ERROR 2026-06-07 10:43:36,184 log 18800 13004 Internal Server Error: /api/evaluations/score/1/
ERROR 2026-06-07 10:43:36,185 log 18800 13004 "GET /api/evaluations/score/1/ HTTP/1.1" 500 72
INFO 2026-06-07 10:55:54,030 autoreload 10128 9024 Watching for file changes with StatReloader
INFO 2026-06-07 10:56:15,841 log 10128 13372 "OPTIONS /api/student/placement/ HTTP/1.1" 200 0
INFO 2026-06-07 10:56:15,843 log 10128 12624 "OPTIONS /api/student/placement/ HTTP/1.1" 200 0
INFO 2026-06-07 10:56:16,022 log 10128 13372 "GET /api/student/placement/ HTTP/1.1" 200 52
ERROR 2026-06-07 10:56:16,069 log 10128 4632 Internal Server Error: /api/evaluations/score/1/
ERROR 2026-06-07 10:56:16,085 log 10128 4632 "GET /api/evaluations/score/1/ HTTP/1.1" 500 72
INFO 2026-06-07 10:56:16,086 log 10128 7424 "GET /api/logs/dashboard/ HTTP/1.1" 200 180
INFO 2026-06-07 10:56:16,157 log 10128 13372 "GET /api/student/placement/ HTTP/1.1" 200 52
INFO 2026-06-07 10:56:16,195 log 10128 7424 "GET /api/logs/dashboard/ HTTP/1.1" 200 180
ERROR 2026-06-07 10:56:16,204 log 10128 4632 Internal Server Error: /api/evaluations/score/1/
ERROR 2026-06-07 10:56:16,212 log 10128 4632 "GET /api/evaluations/score/1/ HTTP/1.1" 500 72
INFO 2026-06-07 10:56:17,799 log 10128 4632 "GET /api/placements/ HTTP/1.1" 200 24
INFO 2026-06-07 10:56:17,811 log 10128 4632 "GET /api/placements/ HTTP/1.1" 200 24
INFO 2026-06-07 10:56:17,821 log 10128 7424 "GET /api/logs/ HTTP/1.1" 200 24
INFO 2026-06-07 10:56:17,842 log 10128 7424 "GET /api/logs/ HTTP/1.1" 200 24
INFO 2026-06-07 10:56:35,874 log 10128 7424 "OPTIONS /api/placements/my-placement/ HTTP/1.1" 200 0
INFO 2026-06-07 10:56:35,875 log 10128 4632 "OPTIONS /api/placements/my-placement/ HTTP/1.1" 200 0
INFO 2026-06-07 10:56:35,889 log 10128 4632 "GET /api/placements/my-placement/ HTTP/1.1" 200 52
INFO 2026-06-07 10:56:35,904 log 10128 4632 "GET /api/placements/my-placement/ HTTP/1.1" 200 52
INFO 2026-06-07 10:56:59,601 log 10128 7424 "GET /api/student/placement/ HTTP/1.1" 200 52
ERROR 2026-06-07 10:56:59,610 log 10128 13372 Internal Server Error: /api/evaluations/score/1/
ERROR 2026-06-07 10:56:59,613 log 10128 13372 "GET /api/evaluations/score/1/ HTTP/1.1" 500 72
INFO 2026-06-07 10:56:59,617 log 10128 4632 "GET /api/logs/dashboard/ HTTP/1.1" 200 180
ERROR 2026-06-07 10:56:59,661 log 10128 13372 Internal Server Error: /api/evaluations/score/1/
INFO 2026-06-07 10:56:59,650 log 10128 7424 "GET /api/student/placement/ HTTP/1.1" 200 52
ERROR 2026-06-07 10:56:59,697 log 10128 13372 "GET /api/evaluations/score/1/ HTTP/1.1" 500 72
INFO 2026-06-07 10:56:59,702 log 10128 4632 "GET /api/logs/dashboard/ HTTP/1.1" 200 180
ERROR 2026-06-07 10:57:08,747 log 10128 7424 Internal Server Error: /api/evaluations/score/1/
INFO 2026-06-07 10:57:08,749 log 10128 4632 "GET /api/logs/dashboard/ HTTP/1.1" 200 180
ERROR 2026-06-07 10:57:08,749 log 10128 7424 "GET /api/evaluations/score/1/ HTTP/1.1" 500 72
INFO 2026-06-07 10:57:08,756 log 10128 13372 "GET /api/student/placement/ HTTP/1.1" 200 52
INFO 2026-06-07 10:57:08,811 log 10128 4632 "GET /api/logs/dashboard/ HTTP/1.1" 200 180
ERROR 2026-06-07 10:57:08,837 log 10128 7424 Internal Server Error: /api/evaluations/score/1/
INFO 2026-06-07 10:57:08,862 log 10128 13372 "GET /api/student/placement/ HTTP/1.1" 200 52
ERROR 2026-06-07 10:57:08,881 log 10128 7424 "GET /api/evaluations/score/1/ HTTP/1.1" 500 72
INFO 2026-06-07 11:02:25,208 autoreload 10128 9024 C:\Users\Kaladi\Documents\GitHub\internship_logging_evaluation_system\BACKEND\evaluations\views.py changed, reloading.
INFO 2026-06-07 11:02:27,958 autoreload 7732 6760 Watching for file changes with StatReloader
INFO 2026-06-07 11:02:36,329 log 7732 10480 "GET /api/student/placement/ HTTP/1.1" 200 52
INFO 2026-06-07 11:02:36,329 log 7732 16224 "GET /api/evaluations/score/1/ HTTP/1.1" 200 119
INFO 2026-06-07 11:02:36,378 log 7732 18208 "GET /api/logs/dashboard/ HTTP/1.1" 200 180
INFO 2026-06-07 11:02:36,392 log 7732 10480 "GET /api/student/placement/ HTTP/1.1" 200 52
INFO 2026-06-07 11:02:36,412 log 7732 16224 "GET /api/evaluations/score/1/ HTTP/1.1" 200 119
INFO 2026-06-07 11:02:36,432 log 7732 18208 "GET /api/logs/dashboard/ HTTP/1.1" 200 180
INFO 2026-06-07 11:04:10,878 log 7732 18208 "OPTIONS /api/auth/register/ HTTP/1.1" 200 0
INFO 2026-06-07 11:04:12,962 log 7732 18208 "POST /api/auth/register/ HTTP/1.1" 201 690
INFO 2026-06-07 11:04:23,755 log 7732 18208 "POST /api/auth/login/ HTTP/1.1" 200 665
INFO 2026-06-07 11:04:32,641 log 7732 18208 "GET /api/placements/ HTTP/1.1" 200 24
INFO 2026-06-07 11:04:32,657 log 7732 18208 "GET /api/placements/ HTTP/1.1" 200 24
INFO 2026-06-07 11:07:47,258 log 7732 18208 "POST /api/auth/register/ HTTP/1.1" 201 671
INFO 2026-06-07 11:08:04,498 log 7732 18208 "POST /api/auth/login/ HTTP/1.1" 200 665
INFO 2026-06-07 11:08:28,574 log 7732 18208 "POST /api/auth/login/ HTTP/1.1" 200 646
INFO 2026-06-07 11:13:46,542 log 7732 7644 "OPTIONS /api/users/ HTTP/1.1" 200 0
INFO 2026-06-07 11:13:46,546 log 7732 13864 "OPTIONS /api/users/ HTTP/1.1" 200 0
INFO 2026-06-07 11:13:46,585 log 7732 4368 "GET /api/placements/ HTTP/1.1" 200 24
INFO 2026-06-07 11:13:46,603 log 7732 14620 "GET /api/logs/ HTTP/1.1" 200 24
INFO 2026-06-07 11:13:46,638 log 7732 13864 "GET /api/users/ HTTP/1.1" 200 494
INFO 2026-06-07 11:13:46,802 log 7732 14620 "GET /api/placements/ HTTP/1.1" 200 24
INFO 2026-06-07 11:13:46,810 log 7732 4368 "GET /api/logs/ HTTP/1.1" 200 24
INFO 2026-06-07 11:13:46,821 log 7732 13864 "GET /api/users/ HTTP/1.1" 200 494
INFO 2026-06-07 11:13:52,614 log 7732 13864 "GET /api/placements/ HTTP/1.1" 200 24
INFO 2026-06-07 11:13:52,631 log 7732 4368 "GET /api/users/ HTTP/1.1" 200 494
INFO 2026-06-07 11:13:52,632 log 7732 13864 "GET /api/placements/ HTTP/1.1" 200 24
INFO 2026-06-07 11:13:52,658 log 7732 4368 "GET /api/users/ HTTP/1.1" 200 494
INFO 2026-06-07 11:14:47,916 log 7732 4368 "POST /api/auth/register/ HTTP/1.1" 201 714
INFO 2026-06-07 11:15:03,482 log 7732 9204 "POST /api/auth/login/ HTTP/1.1" 200 689
INFO 2026-06-07 11:15:03,682 log 7732 9204 "GET /api/logs/dashboard/ HTTP/1.1" 200 178
INFO 2026-06-07 11:15:03,747 log 7732 9204 "GET /api/logs/dashboard/ HTTP/1.1" 200 178
INFO 2026-06-07 11:15:11,489 log 7732 9204 "GET /api/supervisor/reviews/ HTTP/1.1" 200 34
INFO 2026-06-07 11:15:11,503 log 7732 9204 "GET /api/supervisor/reviews/ HTTP/1.1" 200 34
INFO 2026-06-07 11:15:19,371 log 7732 9204 "GET /api/logs/dashboard/ HTTP/1.1" 200 178
INFO 2026-06-07 11:15:19,391 log 7732 9204 "GET /api/logs/dashboard/ HTTP/1.1" 200 178
INFO 2026-06-07 15:19:58,829 autoreload 18236 6712 Watching for file changes with StatReloader
INFO 2026-06-07 15:22:42,203 autoreload 11904 6204 Watching for file changes with StatReloader
INFO 2026-06-07 20:14:32,792 log 11904 8416 "OPTIONS /api/auth/register/ HTTP/1.1" 200 0
INFO 2026-06-07 20:14:34,023 log 11904 8416 "POST /api/auth/register/ HTTP/1.1" 201 674
INFO 2026-06-07 20:14:39,347 log 11904 8416 "OPTIONS /api/auth/login/ HTTP/1.1" 200 0
INFO 2026-06-07 20:14:40,253 log 11904 8416 "POST /api/auth/login/ HTTP/1.1" 200 649
INFO 2026-06-07 20:14:40,310 log 11904 8416 "OPTIONS /api/logs/dashboard/ HTTP/1.1" 200 0
INFO 2026-06-07 20:14:40,311 log 11904 11096 "OPTIONS /api/student/placement/ HTTP/1.1" 200 0
INFO 2026-06-07 20:14:40,314 log 11904 8416 "OPTIONS /api/evaluations/score/5/ HTTP/1.1" 200 0
INFO 2026-06-07 20:14:40,314 log 11904 11096 "OPTIONS /api/logs/dashboard/ HTTP/1.1" 200 0
INFO 2026-06-07 20:14:40,318 log 11904 8416 "OPTIONS /api/student/placement/ HTTP/1.1" 200 0
INFO 2026-06-07 20:14:40,318 log 11904 11096 "OPTIONS /api/evaluations/score/5/ HTTP/1.1" 200 0
INFO 2026-06-07 20:14:40,330 log 11904 11096 "GET /api/student/placement/ HTTP/1.1" 200 52
INFO 2026-06-07 20:14:40,336 log 11904 8416 "GET /api/logs/dashboard/ HTTP/1.1" 200 180
INFO 2026-06-07 20:14:40,340 log 11904 11096 "GET /api/evaluations/score/5/ HTTP/1.1" 200 121
INFO 2026-06-07 20:14:40,348 log 11904 8416 "GET /api/student/placement/ HTTP/1.1" 200 52
INFO 2026-06-07 20:14:40,354 log 11904 11096 "GET /api/logs/dashboard/ HTTP/1.1" 200 180
INFO 2026-06-07 20:14:40,356 log 11904 8416 "GET /api/evaluations/score/5/ HTTP/1.1" 200 121
INFO 2026-06-07 20:14:48,639 log 11904 8416 "OPTIONS /api/placements/ HTTP/1.1" 200 0
INFO 2026-06-07 20:14:48,640 log 11904 11096 "OPTIONS /api/placements/ HTTP/1.1" 200 0
ERROR 2026-06-07 20:14:48,765 log 11904 11096 Internal Server Error: /api/placements/
ERROR 2026-06-07 20:14:48,765 log 11904 11096 "GET /api/placements/ HTTP/1.1" 500 72
ERROR 2026-06-07 20:14:48,773 log 11904 8416 Internal Server Error: /api/placements/
ERROR 2026-06-07 20:14:48,774 log 11904 8416 "GET /api/placements/ HTTP/1.1" 500 72
INFO 2026-06-07 20:14:58,388 log 11904 8416 "OPTIONS /api/placements/my-placement/ HTTP/1.1" 200 0
INFO 2026-06-07 20:14:58,388 log 11904 11096 "OPTIONS /api/placements/my-placement/ HTTP/1.1" 200 0
INFO 2026-06-07 20:14:58,397 log 11904 11096 "GET /api/placements/my-placement/ HTTP/1.1" 200 52
INFO 2026-06-07 20:14:58,402 log 11904 8416 "GET /api/placements/my-placement/ HTTP/1.1" 200 52
ERROR 2026-06-07 20:15:38,113 log 11904 8416 Internal Server Error: /api/placements/my-placement/
ERROR 2026-06-07 20:15:38,113 log 11904 8416 "POST /api/placements/my-placement/ HTTP/1.1" 500 72
ERROR 2026-06-07 20:15:40,091 log 11904 8416 Internal Server Error: /api/placements/my-placement/
ERROR 2026-06-07 20:15:40,091 log 11904 8416 "POST /api/placements/my-placement/ HTTP/1.1" 500 72
ERROR 2026-06-07 20:15:41,062 log 11904 8416 Internal Server Error: /api/placements/my-placement/
ERROR 2026-06-07 20:15:41,063 log 11904 8416 "POST /api/placements/my-placement/ HTTP/1.1" 500 72
ERROR 2026-06-07 20:16:00,640 log 11904 8416 Internal Server Error: /api/placements/my-placement/
ERROR 2026-06-07 20:16:00,641 log 11904 8416 "POST /api/placements/my-placement/ HTTP/1.1" 500 72
ERROR 2026-06-07 20:16:01,641 log 11904 8416 Internal Server Error: /api/placements/my-placement/
ERROR 2026-06-07 20:16:01,641 log 11904 8416 "POST /api/placements/my-placement/ HTTP/1.1" 500 72
ERROR 2026-06-07 20:16:02,260 log 11904 8416 Internal Server Error: /api/placements/my-placement/
ERROR 2026-06-07 20:16:02,260 log 11904 8416 "POST /api/placements/my-placement/ HTTP/1.1" 500 72
INFO 2026-06-07 20:17:06,723 log 11904 8416 "POST /api/auth/register/ HTTP/1.1" 201 726
INFO 2026-06-07 20:17:11,514 log 11904 8416 "POST /api/auth/login/ HTTP/1.1" 200 701
ERROR 2026-06-07 20:17:14,682 log 11904 8416 Internal Server Error: /api/placements/
ERROR 2026-06-07 20:17:14,683 log 11904 8416 "GET /api/placements/ HTTP/1.1" 500 72
ERROR 2026-06-07 20:17:14,692 log 11904 11096 Internal Server Error: /api/placements/
ERROR 2026-06-07 20:17:14,693 log 11904 11096 "GET /api/placements/ HTTP/1.1" 500 72
INFO 2026-06-07 20:25:09,908 log 11904 9848 "POST /api/auth/register/ HTTP/1.1" 201 664
INFO 2026-06-07 20:25:14,108 log 11904 9848 "POST /api/auth/login/ HTTP/1.1" 200 639
INFO 2026-06-07 20:25:14,153 log 11904 18312 "OPTIONS /api/users/ HTTP/1.1" 200 0
INFO 2026-06-07 20:25:14,157 log 11904 18312 "OPTIONS /api/logs/ HTTP/1.1" 200 0
INFO 2026-06-07 20:25:14,162 log 11904 18312 "OPTIONS /api/users/ HTTP/1.1" 200 0
ERROR 2026-06-07 20:25:14,163 log 11904 9848 Internal Server Error: /api/placements/
ERROR 2026-06-07 20:25:14,163 log 11904 9848 "GET /api/placements/ HTTP/1.1" 500 72
INFO 2026-06-07 20:25:14,164 log 11904 18312 "OPTIONS /api/logs/ HTTP/1.1" 200 0
INFO 2026-06-07 20:25:14,176 log 11904 9848 "GET /api/users/ HTTP/1.1" 200 991
ERROR 2026-06-07 20:25:14,181 log 11904 18312 Internal Server Error: /api/logs/
ERROR 2026-06-07 20:25:14,182 log 11904 18312 "GET /api/logs/ HTTP/1.1" 500 72
ERROR 2026-06-07 20:25:14,192 log 11904 9848 Internal Server Error: /api/placements/
ERROR 2026-06-07 20:25:14,194 log 11904 9848 "GET /api/placements/ HTTP/1.1" 500 72
INFO 2026-06-07 20:25:14,199 log 11904 18312 "GET /api/users/ HTTP/1.1" 200 991
ERROR 2026-06-07 20:25:14,205 log 11904 9848 Internal Server Error: /api/logs/
ERROR 2026-06-07 20:25:14,206 log 11904 9848 "GET /api/logs/ HTTP/1.1" 500 72
INFO 2026-06-07 20:25:19,470 log 11904 9848 "OPTIONS /api/evaluations/comprehensive-dashboard/ HTTP/1.1" 200 0
INFO 2026-06-07 20:25:19,472 log 11904 18312 "OPTIONS /api/evaluations/comprehensive-dashboard/ HTTP/1.1" 200 0
ERROR 2026-06-07 20:25:19,523 log 11904 18312 Internal Server Error: /api/evaluations/comprehensive-dashboard/
ERROR 2026-06-07 20:25:19,523 log 11904 18312 "GET /api/evaluations/comprehensive-dashboard/ HTTP/1.1" 500 72
ERROR 2026-06-07 20:25:19,543 log 11904 9848 Internal Server Error: /api/evaluations/comprehensive-dashboard/
ERROR 2026-06-07 20:25:19,543 log 11904 9848 "GET /api/evaluations/comprehensive-dashboard/ HTTP/1.1" 500 72
INFO 2026-06-07 20:25:24,175 log 11904 9848 "GET /api/users/ HTTP/1.1" 200 991
ERROR 2026-06-07 20:25:24,175 log 11904 18312 Internal Server Error: /api/placements/
ERROR 2026-06-07 20:25:24,179 log 11904 18312 "GET /api/placements/ HTTP/1.1" 500 72
ERROR 2026-06-07 20:25:24,185 log 11904 18848 Internal Server Error: /api/logs/
ERROR 2026-06-07 20:25:24,187 log 11904 18848 "GET /api/logs/ HTTP/1.1" 500 72
ERROR 2026-06-07 20:25:24,197 log 11904 9848 Internal Server Error: /api/placements/
INFO 2026-06-07 20:25:24,197 log 11904 2248 "GET /api/users/ HTTP/1.1" 200 991
ERROR 2026-06-07 20:25:24,200 log 11904 9848 "GET /api/placements/ HTTP/1.1" 500 72
ERROR 2026-06-07 20:25:24,203 log 11904 18312 Internal Server Error: /api/logs/
ERROR 2026-06-07 20:25:24,204 log 11904 18312 "GET /api/logs/ HTTP/1.1" 500 72
INFO 2026-06-07 20:25:26,263 log 11904 18312 "GET /api/users/ HTTP/1.1" 200 991
INFO 2026-06-07 20:25:26,272 log 11904 9848 "GET /api/users/ HTTP/1.1" 200 991
ERROR 2026-06-07 20:25:40,236 log 11904 2248 Internal Server Error: /api/logs/
ERROR 2026-06-07 20:25:40,237 log 11904 2248 "GET /api/logs/ HTTP/1.1" 500 72
INFO 2026-06-07 20:25:40,237 log 11904 9848 "GET /api/users/ HTTP/1.1" 200 991
ERROR 2026-06-07 20:25:40,246 log 11904 18312 Internal Server Error: /api/placements/
ERROR 2026-06-07 20:25:40,248 log 11904 18312 "GET /api/placements/ HTTP/1.1" 500 72
ERROR 2026-06-07 20:25:40,256 log 11904 9684 Internal Server Error: /api/logs/
ERROR 2026-06-07 20:25:40,258 log 11904 9684 "GET /api/logs/ HTTP/1.1" 500 72
INFO 2026-06-07 20:25:40,260 log 11904 18848 "GET /api/users/ HTTP/1.1" 200 991
ERROR 2026-06-07 20:25:40,264 log 11904 2248 Internal Server Error: /api/placements/
ERROR 2026-06-07 20:25:40,264 log 11904 2248 "GET /api/placements/ HTTP/1.1" 500 72
ERROR 2026-06-07 20:25:42,108 log 11904 2248 Internal Server Error: /api/placements/
ERROR 2026-06-07 20:25:42,109 log 11904 2248 "GET /api/placements/ HTTP/1.1" 500 72
INFO 2026-06-07 20:25:42,113 log 11904 18848 "GET /api/users/ HTTP/1.1" 200 991
ERROR 2026-06-07 20:25:42,123 log 11904 9684 Internal Server Error: /api/placements/
ERROR 2026-06-07 20:25:42,123 log 11904 9684 "GET /api/placements/ HTTP/1.1" 500 72
INFO 2026-06-07 20:25:42,125 log 11904 2248 "GET /api/users/ HTTP/1.1" 200 991
INFO 2026-06-07 20:34:04,883 log 11904 11244 "POST /api/auth/register/ HTTP/1.1" 201 731
INFO 2026-06-07 20:34:09,206 log 11904 11244 "POST /api/auth/login/ HTTP/1.1" 200 706
ERROR 2026-06-07 20:34:09,242 log 11904 11244 Internal Server Error: /api/logs/dashboard/
ERROR 2026-06-07 20:34:09,242 log 11904 11244 "GET /api/logs/dashboard/ HTTP/1.1" 500 72
ERROR 2026-06-07 20:34:09,254 log 11904 5728 Internal Server Error: /api/logs/dashboard/
ERROR 2026-06-07 20:34:09,254 log 11904 5728 "GET /api/logs/dashboard/ HTTP/1.1" 500 72
ERROR 2026-06-07 20:34:13,605 log 11904 5728 Internal Server Error: /api/logs/dashboard/
ERROR 2026-06-07 20:34:13,606 log 11904 5728 "GET /api/logs/dashboard/ HTTP/1.1" 500 72
ERROR 2026-06-07 20:34:13,615 log 11904 11244 Internal Server Error: /api/logs/dashboard/
ERROR 2026-06-07 20:34:13,615 log 11904 11244 "GET /api/logs/dashboard/ HTTP/1.1" 500 72
INFO 2026-06-07 20:34:14,801 log 11904 11244 "OPTIONS /api/supervisor/reviews/ HTTP/1.1" 200 0
INFO 2026-06-07 20:34:14,802 log 11904 5728 "OPTIONS /api/supervisor/reviews/ HTTP/1.1" 200 0
INFO 2026-06-07 20:34:14,809 log 11904 5728 "GET /api/supervisor/reviews/ HTTP/1.1" 200 34
INFO 2026-06-07 20:34:14,816 log 11904 11244 "GET /api/supervisor/reviews/ HTTP/1.1" 200 34
INFO 2026-06-07 20:46:50,263 autoreload 20316 19464 Watching for file changes with StatReloader
INFO 2026-06-07 20:48:22,873 log 20316 18716 "POST /api/auth/login/ HTTP/1.1" 200 649
INFO 2026-06-07 21:01:55,654 autoreload 20316 19464 C:\Users\kkena\internship_logging_evaluation_system\BACKEND\placements\urls.py changed, reloading.
INFO 2026-06-07 21:01:56,646 autoreload 19704 17560 Watching for file changes with StatReloader
INFO 2026-06-07 21:02:02,375 autoreload 19704 17560 C:\Users\kkena\internship_logging_evaluation_system\BACKEND\evaluations\urls.py changed, reloading.
INFO 2026-06-07 21:02:03,462 autoreload 18496 3988 Watching for file changes with StatReloader
INFO 2026-06-07 21:08:03,772 autoreload 18496 3988 C:\Users\kkena\internship_logging_evaluation_system\BACKEND\logbook\serializers.py changed, reloading.
INFO 2026-06-07 21:08:04,832 autoreload 6716 5652 Watching for file changes with StatReloader
